2024-12-29T03:19:22.115+02:00  INFO 41834 --- [stay-go] [Test worker] c.s.service.message.MessageServiceTest   : Starting MessageServiceTest using Java 17.0.13 with PID 41834 (started by another in /home/another/dev/developering/stay-go/stay-go)
2024-12-29T03:19:22.118+02:00  INFO 41834 --- [stay-go] [Test worker] c.s.service.message.MessageServiceTest   : No active profile set, falling back to 1 default profile: "default"
2024-12-29T03:19:23.806+02:00  INFO 41834 --- [stay-go] [Test worker] .s.d.r.c.RepositoryConfigurationDelegate : Multiple Spring Data modules found, entering strict repository configuration mode
2024-12-29T03:19:23.809+02:00  INFO 41834 --- [stay-go] [Test worker] .s.d.r.c.RepositoryConfigurationDelegate : Bootstrapping Spring Data JPA repositories in DEFAULT mode.
2024-12-29T03:19:24.148+02:00  INFO 41834 --- [stay-go] [Test worker] .s.d.r.c.RepositoryConfigurationDelegate : Finished Spring Data repository scanning in 326 ms. Found 13 JPA repository interfaces.
2024-12-29T03:19:24.199+02:00  INFO 41834 --- [stay-go] [Test worker] .s.d.r.c.RepositoryConfigurationDelegate : Multiple Spring Data modules found, entering strict repository configuration mode
2024-12-29T03:19:24.202+02:00  INFO 41834 --- [stay-go] [Test worker] .s.d.r.c.RepositoryConfigurationDelegate : Bootstrapping Spring Data Redis repositories in DEFAULT mode.
2024-12-29T03:19:24.238+02:00  INFO 41834 --- [stay-go] [Test worker] .RepositoryConfigurationExtensionSupport : Spring Data Redis - Could not safely identify store assignment for repository candidate interface com.staygo.repository.CountryRepository; If you want this repository to be a Redis repository, consider annotating your entities with one of these annotations: org.springframework.data.redis.core.RedisHash (preferred), or consider extending one of the following types with your repository: org.springframework.data.keyvalue.repository.KeyValueRepository
2024-12-29T03:19:24.239+02:00  INFO 41834 --- [stay-go] [Test worker] .RepositoryConfigurationExtensionSupport : Spring Data Redis - Could not safely identify store assignment for repository candidate interface com.staygo.repository.address_repo.AddressRepository; If you want this repository to be a Redis repository, consider annotating your entities with one of these annotations: org.springframework.data.redis.core.RedisHash (preferred), or consider extending one of the following types with your repository: org.springframework.data.keyvalue.repository.KeyValueRepository
2024-12-29T03:19:24.240+02:00  INFO 41834 --- [stay-go] [Test worker] .RepositoryConfigurationExtensionSupport : Spring Data Redis - Could not safely identify store assignment for repository candidate interface com.staygo.repository.address_repo.AirportAddressRepository; If you want this repository to be a Redis repository, consider annotating your entities with one of these annotations: org.springframework.data.redis.core.RedisHash (preferred), or consider extending one of the following types with your repository: org.springframework.data.keyvalue.repository.KeyValueRepository
2024-12-29T03:19:24.241+02:00  INFO 41834 --- [stay-go] [Test worker] .RepositoryConfigurationExtensionSupport : Spring Data Redis - Could not safely identify store assignment for repository candidate interface com.staygo.repository.hotel_repo.ArmoredRoomRepository; If you want this repository to be a Redis repository, consider annotating your entities with one of these annotations: org.springframework.data.redis.core.RedisHash (preferred), or consider extending one of the following types with your repository: org.springframework.data.keyvalue.repository.KeyValueRepository
2024-12-29T03:19:24.242+02:00  INFO 41834 --- [stay-go] [Test worker] .RepositoryConfigurationExtensionSupport : Spring Data Redis - Could not safely identify store assignment for repository candidate interface com.staygo.repository.hotel_repo.CommentsRepository; If you want this repository to be a Redis repository, consider annotating your entities with one of these annotations: org.springframework.data.redis.core.RedisHash (preferred), or consider extending one of the following types with your repository: org.springframework.data.keyvalue.repository.KeyValueRepository
2024-12-29T03:19:24.243+02:00  INFO 41834 --- [stay-go] [Test worker] .RepositoryConfigurationExtensionSupport : Spring Data Redis - Could not safely identify store assignment for repository candidate interface com.staygo.repository.hotel_repo.HotelDataRepository; If you want this repository to be a Redis repository, consider annotating your entities with one of these annotations: org.springframework.data.redis.core.RedisHash (preferred), or consider extending one of the following types with your repository: org.springframework.data.keyvalue.repository.KeyValueRepository
2024-12-29T03:19:24.244+02:00  INFO 41834 --- [stay-go] [Test worker] .RepositoryConfigurationExtensionSupport : Spring Data Redis - Could not safely identify store assignment for repository candidate interface com.staygo.repository.hotel_repo.HotelRepository; If you want this repository to be a Redis repository, consider annotating your entities with one of these annotations: org.springframework.data.redis.core.RedisHash (preferred), or consider extending one of the following types with your repository: org.springframework.data.keyvalue.repository.KeyValueRepository
2024-12-29T03:19:24.245+02:00  INFO 41834 --- [stay-go] [Test worker] .RepositoryConfigurationExtensionSupport : Spring Data Redis - Could not safely identify store assignment for repository candidate interface com.staygo.repository.hotel_repo.RoomRepository; If you want this repository to be a Redis repository, consider annotating your entities with one of these annotations: org.springframework.data.redis.core.RedisHash (preferred), or consider extending one of the following types with your repository: org.springframework.data.keyvalue.repository.KeyValueRepository
2024-12-29T03:19:24.246+02:00  INFO 41834 --- [stay-go] [Test worker] .RepositoryConfigurationExtensionSupport : Spring Data Redis - Could not safely identify store assignment for repository candidate interface com.staygo.repository.transport_repo.ArmoredTransportRepository; If you want this repository to be a Redis repository, consider annotating your entities with one of these annotations: org.springframework.data.redis.core.RedisHash (preferred), or consider extending one of the following types with your repository: org.springframework.data.keyvalue.repository.KeyValueRepository
2024-12-29T03:19:24.247+02:00  INFO 41834 --- [stay-go] [Test worker] .RepositoryConfigurationExtensionSupport : Spring Data Redis - Could not safely identify store assignment for repository candidate interface com.staygo.repository.transport_repo.TransportDataRepository; If you want this repository to be a Redis repository, consider annotating your entities with one of these annotations: org.springframework.data.redis.core.RedisHash (preferred), or consider extending one of the following types with your repository: org.springframework.data.keyvalue.repository.KeyValueRepository
2024-12-29T03:19:24.248+02:00  INFO 41834 --- [stay-go] [Test worker] .RepositoryConfigurationExtensionSupport : Spring Data Redis - Could not safely identify store assignment for repository candidate interface com.staygo.repository.transport_repo.TransportRepository; If you want this repository to be a Redis repository, consider annotating your entities with one of these annotations: org.springframework.data.redis.core.RedisHash (preferred), or consider extending one of the following types with your repository: org.springframework.data.keyvalue.repository.KeyValueRepository
2024-12-29T03:19:24.249+02:00  INFO 41834 --- [stay-go] [Test worker] .RepositoryConfigurationExtensionSupport : Spring Data Redis - Could not safely identify store assignment for repository candidate interface com.staygo.repository.user_repo.PaymentRepository; If you want this repository to be a Redis repository, consider annotating your entities with one of these annotations: org.springframework.data.redis.core.RedisHash (preferred), or consider extending one of the following types with your repository: org.springframework.data.keyvalue.repository.KeyValueRepository
2024-12-29T03:19:24.250+02:00  INFO 41834 --- [stay-go] [Test worker] .RepositoryConfigurationExtensionSupport : Spring Data Redis - Could not safely identify store assignment for repository candidate interface com.staygo.repository.user_repo.UserRepository; If you want this repository to be a Redis repository, consider annotating your entities with one of these annotations: org.springframework.data.redis.core.RedisHash (preferred), or consider extending one of the following types with your repository: org.springframework.data.keyvalue.repository.KeyValueRepository
2024-12-29T03:19:24.251+02:00  INFO 41834 --- [stay-go] [Test worker] .s.d.r.c.RepositoryConfigurationDelegate : Finished Spring Data repository scanning in 33 ms. Found 0 Redis repository interfaces.
2024-12-29T03:19:24.670+02:00  INFO 41834 --- [stay-go] [Test worker] faultConfiguringBeanFactoryPostProcessor : No bean named 'errorChannel' has been explicitly defined. Therefore, a default PublishSubscribeChannel will be created.
2024-12-29T03:19:24.686+02:00  INFO 41834 --- [stay-go] [Test worker] faultConfiguringBeanFactoryPostProcessor : No bean named 'integrationHeaderChannelRegistry' has been explicitly defined. Therefore, a default DefaultHeaderChannelRegistry will be created.
2024-12-29T03:19:24.971+02:00  INFO 41834 --- [stay-go] [Test worker] o.s.cloud.context.scope.GenericScope     : BeanFactory id=c825293d-3985-3583-be6e-010297d8500a
2024-12-29T03:19:27.784+02:00  INFO 41834 --- [stay-go] [Test worker] com.zaxxer.hikari.HikariDataSource       : HikariPool-1 - Starting...
2024-12-29T03:19:27.996+02:00  INFO 41834 --- [stay-go] [Test worker] com.zaxxer.hikari.pool.HikariPool        : HikariPool-1 - Added connection org.mariadb.jdbc.Connection@446dacf9
2024-12-29T03:19:28.001+02:00  INFO 41834 --- [stay-go] [Test worker] com.zaxxer.hikari.HikariDataSource       : HikariPool-1 - Start completed.
2024-12-29T03:19:28.259+02:00  INFO 41834 --- [stay-go] [Test worker] o.hibernate.jpa.internal.util.LogHelper  : HHH000204: Processing PersistenceUnitInfo [name: default]
2024-12-29T03:19:28.387+02:00  INFO 41834 --- [stay-go] [Test worker] org.hibernate.Version                    : HHH000412: Hibernate ORM core version 6.5.2.Final
2024-12-29T03:19:28.464+02:00  INFO 41834 --- [stay-go] [Test worker] o.h.c.internal.RegionFactoryInitiator    : HHH000026: Second-level cache disabled
2024-12-29T03:19:28.747+02:00  INFO 41834 --- [stay-go] [Test worker] o.s.o.j.p.SpringPersistenceUnitInfo      : No LoadTimeWeaver setup: ignoring JPA class transformer
2024-12-29T03:19:31.307+02:00  INFO 41834 --- [stay-go] [Test worker] o.h.e.t.j.p.i.JtaPlatformInitiator       : HHH000489: No JTA platform available (set 'hibernate.transaction.jta.platform' to enable JTA platform integration)
2024-12-29T03:19:31.477+02:00  INFO 41834 --- [stay-go] [Test worker] j.LocalContainerEntityManagerFactoryBean : Initialized JPA EntityManagerFactory for persistence unit 'default'
2024-12-29T03:19:31.715+02:00  INFO 41834 --- [stay-go] [Test worker] o.s.a.r.c.CachingConnectionFactory       : Attempting to connect to: localhost:5672
2024-12-29T03:19:31.816+02:00  INFO 41834 --- [stay-go] [Test worker] o.s.a.r.c.CachingConnectionFactory       : Created new connection: connectionFactory#654ab198:0/SimpleConnection@77393f2e [delegate=amqp://root@127.0.0.1:5672/, localPort=48896]
2024-12-29T03:19:33.165+02:00  INFO 41834 --- [stay-go] [Test worker] o.s.amqp.rabbit.core.RabbitAdmin         : Auto-declaring a non-durable, auto-delete, or exclusive Queue (UserFindHotel) durable:false, auto-delete:false, exclusive:false. It will be redeclared if the broker stops and is restarted while the connection factory is alive, but all messages will be lost.
2024-12-29T03:19:33.165+02:00  INFO 41834 --- [stay-go] [Test worker] o.s.amqp.rabbit.core.RabbitAdmin         : Auto-declaring a non-durable, auto-delete, or exclusive Queue (MessageAboutBooking) durable:false, auto-delete:false, exclusive:false. It will be redeclared if the broker stops and is restarted while the connection factory is alive, but all messages will be lost.
2024-12-29T03:19:33.166+02:00  INFO 41834 --- [stay-go] [Test worker] o.s.amqp.rabbit.core.RabbitAdmin         : Auto-declaring a non-durable, auto-delete, or exclusive Queue (MassageAboutCodeForUser) durable:false, auto-delete:false, exclusive:false. It will be redeclared if the broker stops and is restarted while the connection factory is alive, but all messages will be lost.
2024-12-29T03:19:33.166+02:00  INFO 41834 --- [stay-go] [Test worker] o.s.amqp.rabbit.core.RabbitAdmin         : Auto-declaring a non-durable, auto-delete, or exclusive Queue (MessageCarReservation) durable:false, auto-delete:false, exclusive:false. It will be redeclared if the broker stops and is restarted while the connection factory is alive, but all messages will be lost.
2024-12-29T03:19:34.369+02:00  WARN 41834 --- [stay-go] [Test worker] JpaBaseConfiguration$JpaWebConfiguration : spring.jpa.open-in-view is enabled by default. Therefore, database queries may be performed during view rendering. Explicitly configure spring.jpa.open-in-view to disable this warning
2024-12-29T03:19:34.518+02:00  INFO 41834 --- [stay-go] [Test worker] r$InitializeUserDetailsManagerConfigurer : Global AuthenticationManager configured with UserDetailsService bean with name authUserService
2024-12-29T03:19:35.447+02:00 DEBUG 41834 --- [stay-go] [Test worker] o.s.s.web.DefaultSecurityFilterChain     : Will secure any request with filters: DisableEncodeUrlFilter, WebAsyncManagerIntegrationFilter, SecurityContextHolderFilter, HeaderWriterFilter, LogoutFilter, UsernamePasswordAuthenticationFilter, DefaultLoginPageGeneratingFilter, DefaultLogoutPageGeneratingFilter, BasicAuthenticationFilter, RequestCacheAwareFilter, SecurityContextHolderAwareRequestFilter, AnonymousAuthenticationFilter, ExceptionTranslationFilter, AuthorizationFilter
2024-12-29T03:19:36.998+02:00  INFO 41834 --- [stay-go] [Test worker] DiscoveryClientOptionalArgsConfiguration : Eureka HTTP Client uses RestTemplate.
2024-12-29T03:19:37.288+02:00  INFO 41834 --- [stay-go] [Test worker] o.s.i.endpoint.EventDrivenConsumer       : Adding {logging-channel-adapter:_org.springframework.integration.errorLogger} as a subscriber to the 'errorChannel' channel
2024-12-29T03:19:37.290+02:00  INFO 41834 --- [stay-go] [Test worker] o.s.i.channel.PublishSubscribeChannel    : Channel 'stay-go.errorChannel' has 1 subscriber(s).
2024-12-29T03:19:37.291+02:00  INFO 41834 --- [stay-go] [Test worker] o.s.i.endpoint.EventDrivenConsumer       : started bean '_org.springframework.integration.errorLogger'
2024-12-29T03:19:37.292+02:00  INFO 41834 --- [stay-go] [Test worker] o.s.i.endpoint.EventDrivenConsumer       : Adding {message-handler:mailOutboundAdapter.serviceActivator} as a subscriber to the 'emailChannel' channel
2024-12-29T03:19:37.292+02:00  INFO 41834 --- [stay-go] [Test worker] o.s.integration.channel.DirectChannel    : Channel 'stay-go.emailChannel' has 1 subscriber(s).
2024-12-29T03:19:37.293+02:00  INFO 41834 --- [stay-go] [Test worker] o.s.i.endpoint.EventDrivenConsumer       : started bean 'mailOutboundAdapter.serviceActivator'
2024-12-29T03:19:37.318+02:00  INFO 41834 --- [stay-go] [Test worker] o.s.c.n.eureka.InstanceInfoFactory       : Setting initial instance status as: STARTING
2024-12-29T03:19:37.365+02:00  INFO 41834 --- [stay-go] [Test worker] com.netflix.discovery.DiscoveryClient    : Initializing Eureka in region us-east-1
2024-12-29T03:19:37.372+02:00  INFO 41834 --- [stay-go] [Test worker] c.n.d.s.r.aws.ConfigClusterResolver      : Resolving eureka endpoints via configuration
2024-12-29T03:19:37.388+02:00  INFO 41834 --- [stay-go] [Test worker] com.netflix.discovery.DiscoveryClient    : Disable delta property : false
2024-12-29T03:19:37.388+02:00  INFO 41834 --- [stay-go] [Test worker] com.netflix.discovery.DiscoveryClient    : Single vip registry refresh property : null
2024-12-29T03:19:37.388+02:00  INFO 41834 --- [stay-go] [Test worker] com.netflix.discovery.DiscoveryClient    : Force full registry fetch : false
2024-12-29T03:19:37.389+02:00  INFO 41834 --- [stay-go] [Test worker] com.netflix.discovery.DiscoveryClient    : Application is null : false
2024-12-29T03:19:37.389+02:00  INFO 41834 --- [stay-go] [Test worker] com.netflix.discovery.DiscoveryClient    : Registered Applications size is zero : true
2024-12-29T03:19:37.390+02:00  INFO 41834 --- [stay-go] [Test worker] com.netflix.discovery.DiscoveryClient    : Application version is -1: true
2024-12-29T03:19:37.390+02:00  INFO 41834 --- [stay-go] [Test worker] com.netflix.discovery.DiscoveryClient    : Getting all instance registry info from the eureka server
2024-12-29T03:19:38.069+02:00  INFO 41834 --- [stay-go] [Test worker] com.netflix.discovery.DiscoveryClient    : The response status is 200
2024-12-29T03:19:38.073+02:00  INFO 41834 --- [stay-go] [Test worker] com.netflix.discovery.DiscoveryClient    : Starting heartbeat executor: renew interval is: 30
2024-12-29T03:19:38.076+02:00  INFO 41834 --- [stay-go] [Test worker] c.n.discovery.InstanceInfoReplicator     : InstanceInfoReplicator onDemand update allowed rate per min is 4
2024-12-29T03:19:38.080+02:00  INFO 41834 --- [stay-go] [Test worker] com.netflix.discovery.DiscoveryClient    : Discovery Client initialized at timestamp 1735435178078 with initial instances count: 1
2024-12-29T03:19:38.098+02:00  INFO 41834 --- [stay-go] [Test worker] o.s.c.n.e.s.EurekaServiceRegistry        : Registering application STAY-GO with eureka with status UP
2024-12-29T03:19:38.100+02:00  INFO 41834 --- [stay-go] [Test worker] com.netflix.discovery.DiscoveryClient    : Saw local status change event StatusChangeEvent [timestamp=1735435178100, current=UP, previous=STARTING]
2024-12-29T03:19:38.103+02:00  INFO 41834 --- [stay-go] [DiscoveryClient-InstanceInfoReplicator-%d] com.netflix.discovery.DiscoveryClient    : DiscoveryClient_STAY-GO/anotherPc:stay-go:8080: registering service...
2024-12-29T03:19:38.151+02:00  INFO 41834 --- [stay-go] [Test worker] c.s.service.message.MessageServiceTest   : Started MessageServiceTest in 16.67 seconds (process running for 18.89)
2024-12-29T03:19:38.189+02:00  INFO 41834 --- [stay-go] [DiscoveryClient-InstanceInfoReplicator-%d] com.netflix.discovery.DiscoveryClient    : DiscoveryClient_STAY-GO/anotherPc:stay-go:8080 - registration status: 204
2024-12-29T03:19:38.475+02:00  INFO 41834 --- [stay-go] [SpringApplicationShutdownHook] o.s.c.n.e.s.EurekaServiceRegistry        : Unregistering application STAY-GO with eureka with status DOWN
2024-12-29T03:19:38.476+02:00  INFO 41834 --- [stay-go] [SpringApplicationShutdownHook] com.netflix.discovery.DiscoveryClient    : Saw local status change event StatusChangeEvent [timestamp=1735435178476, current=DOWN, previous=UP]
2024-12-29T03:19:38.476+02:00  INFO 41834 --- [stay-go] [DiscoveryClient-InstanceInfoReplicator-%d] com.netflix.discovery.DiscoveryClient    : DiscoveryClient_STAY-GO/anotherPc:stay-go:8080: registering service...
2024-12-29T03:19:38.495+02:00  INFO 41834 --- [stay-go] [DiscoveryClient-InstanceInfoReplicator-%d] com.netflix.discovery.DiscoveryClient    : DiscoveryClient_STAY-GO/anotherPc:stay-go:8080 - registration status: 204
2024-12-29T03:19:38.519+02:00  INFO 41834 --- [stay-go] [SpringApplicationShutdownHook] o.s.i.endpoint.EventDrivenConsumer       : Removing {logging-channel-adapter:_org.springframework.integration.errorLogger} as a subscriber to the 'errorChannel' channel
2024-12-29T03:19:38.520+02:00  INFO 41834 --- [stay-go] [SpringApplicationShutdownHook] o.s.i.channel.PublishSubscribeChannel    : Channel 'stay-go.errorChannel' has 0 subscriber(s).
2024-12-29T03:19:38.521+02:00  INFO 41834 --- [stay-go] [SpringApplicationShutdownHook] o.s.i.endpoint.EventDrivenConsumer       : stopped bean '_org.springframework.integration.errorLogger'
2024-12-29T03:19:38.521+02:00  INFO 41834 --- [stay-go] [SpringApplicationShutdownHook] o.s.i.endpoint.EventDrivenConsumer       : Removing {message-handler:mailOutboundAdapter.serviceActivator} as a subscriber to the 'emailChannel' channel
2024-12-29T03:19:38.521+02:00  INFO 41834 --- [stay-go] [SpringApplicationShutdownHook] o.s.integration.channel.DirectChannel    : Channel 'stay-go.emailChannel' has 0 subscriber(s).
2024-12-29T03:19:38.522+02:00  INFO 41834 --- [stay-go] [SpringApplicationShutdownHook] o.s.i.endpoint.EventDrivenConsumer       : stopped bean 'mailOutboundAdapter.serviceActivator'
2024-12-29T03:19:38.569+02:00  INFO 41834 --- [stay-go] [SpringApplicationShutdownHook] j.LocalContainerEntityManagerFactoryBean : Closing JPA EntityManagerFactory for persistence unit 'default'
2024-12-29T03:19:38.573+02:00  INFO 41834 --- [stay-go] [SpringApplicationShutdownHook] com.zaxxer.hikari.HikariDataSource       : HikariPool-1 - Shutdown initiated...
2024-12-29T03:19:38.582+02:00  INFO 41834 --- [stay-go] [SpringApplicationShutdownHook] com.zaxxer.hikari.HikariDataSource       : HikariPool-1 - Shutdown completed.
2024-12-29T03:19:38.583+02:00  INFO 41834 --- [stay-go] [SpringApplicationShutdownHook] com.netflix.discovery.DiscoveryClient    : Shutting down DiscoveryClient ...
2024-12-29T03:19:41.584+02:00  INFO 41834 --- [stay-go] [SpringApplicationShutdownHook] com.netflix.discovery.DiscoveryClient    : Unregistering ...
2024-12-29T03:19:41.598+02:00  INFO 41834 --- [stay-go] [SpringApplicationShutdownHook] com.netflix.discovery.DiscoveryClient    : DiscoveryClient_STAY-GO/anotherPc:stay-go:8080 - deregister  status: 200
2024-12-29T03:19:41.599+02:00  INFO 41834 --- [stay-go] [SpringApplicationShutdownHook] com.netflix.discovery.DiscoveryClient    : Completed shut down of DiscoveryClient
2024-12-29T03:36:46.647+02:00  INFO 45582 --- [stay-go] [Test worker] c.s.service.message.MessageServiceTest   : Starting MessageServiceTest using Java 17.0.13 with PID 45582 (started by another in /home/another/dev/developering/stay-go/stay-go)
2024-12-29T03:36:46.651+02:00  INFO 45582 --- [stay-go] [Test worker] c.s.service.message.MessageServiceTest   : No active profile set, falling back to 1 default profile: "default"
2024-12-29T03:36:48.228+02:00  INFO 45582 --- [stay-go] [Test worker] .s.d.r.c.RepositoryConfigurationDelegate : Multiple Spring Data modules found, entering strict repository configuration mode
2024-12-29T03:36:48.231+02:00  INFO 45582 --- [stay-go] [Test worker] .s.d.r.c.RepositoryConfigurationDelegate : Bootstrapping Spring Data JPA repositories in DEFAULT mode.
2024-12-29T03:36:48.523+02:00  INFO 45582 --- [stay-go] [Test worker] .s.d.r.c.RepositoryConfigurationDelegate : Finished Spring Data repository scanning in 274 ms. Found 13 JPA repository interfaces.
2024-12-29T03:36:48.558+02:00  INFO 45582 --- [stay-go] [Test worker] .s.d.r.c.RepositoryConfigurationDelegate : Multiple Spring Data modules found, entering strict repository configuration mode
2024-12-29T03:36:48.560+02:00  INFO 45582 --- [stay-go] [Test worker] .s.d.r.c.RepositoryConfigurationDelegate : Bootstrapping Spring Data Redis repositories in DEFAULT mode.
2024-12-29T03:36:48.592+02:00  INFO 45582 --- [stay-go] [Test worker] .RepositoryConfigurationExtensionSupport : Spring Data Redis - Could not safely identify store assignment for repository candidate interface com.staygo.repository.CountryRepository; If you want this repository to be a Redis repository, consider annotating your entities with one of these annotations: org.springframework.data.redis.core.RedisHash (preferred), or consider extending one of the following types with your repository: org.springframework.data.keyvalue.repository.KeyValueRepository
2024-12-29T03:36:48.593+02:00  INFO 45582 --- [stay-go] [Test worker] .RepositoryConfigurationExtensionSupport : Spring Data Redis - Could not safely identify store assignment for repository candidate interface com.staygo.repository.address_repo.AddressRepository; If you want this repository to be a Redis repository, consider annotating your entities with one of these annotations: org.springframework.data.redis.core.RedisHash (preferred), or consider extending one of the following types with your repository: org.springframework.data.keyvalue.repository.KeyValueRepository
2024-12-29T03:36:48.594+02:00  INFO 45582 --- [stay-go] [Test worker] .RepositoryConfigurationExtensionSupport : Spring Data Redis - Could not safely identify store assignment for repository candidate interface com.staygo.repository.address_repo.AirportAddressRepository; If you want this repository to be a Redis repository, consider annotating your entities with one of these annotations: org.springframework.data.redis.core.RedisHash (preferred), or consider extending one of the following types with your repository: org.springframework.data.keyvalue.repository.KeyValueRepository
2024-12-29T03:36:48.595+02:00  INFO 45582 --- [stay-go] [Test worker] .RepositoryConfigurationExtensionSupport : Spring Data Redis - Could not safely identify store assignment for repository candidate interface com.staygo.repository.hotel_repo.ArmoredRoomRepository; If you want this repository to be a Redis repository, consider annotating your entities with one of these annotations: org.springframework.data.redis.core.RedisHash (preferred), or consider extending one of the following types with your repository: org.springframework.data.keyvalue.repository.KeyValueRepository
2024-12-29T03:36:48.596+02:00  INFO 45582 --- [stay-go] [Test worker] .RepositoryConfigurationExtensionSupport : Spring Data Redis - Could not safely identify store assignment for repository candidate interface com.staygo.repository.hotel_repo.CommentsRepository; If you want this repository to be a Redis repository, consider annotating your entities with one of these annotations: org.springframework.data.redis.core.RedisHash (preferred), or consider extending one of the following types with your repository: org.springframework.data.keyvalue.repository.KeyValueRepository
2024-12-29T03:36:48.597+02:00  INFO 45582 --- [stay-go] [Test worker] .RepositoryConfigurationExtensionSupport : Spring Data Redis - Could not safely identify store assignment for repository candidate interface com.staygo.repository.hotel_repo.HotelDataRepository; If you want this repository to be a Redis repository, consider annotating your entities with one of these annotations: org.springframework.data.redis.core.RedisHash (preferred), or consider extending one of the following types with your repository: org.springframework.data.keyvalue.repository.KeyValueRepository
2024-12-29T03:36:48.597+02:00  INFO 45582 --- [stay-go] [Test worker] .RepositoryConfigurationExtensionSupport : Spring Data Redis - Could not safely identify store assignment for repository candidate interface com.staygo.repository.hotel_repo.HotelRepository; If you want this repository to be a Redis repository, consider annotating your entities with one of these annotations: org.springframework.data.redis.core.RedisHash (preferred), or consider extending one of the following types with your repository: org.springframework.data.keyvalue.repository.KeyValueRepository
2024-12-29T03:36:48.598+02:00  INFO 45582 --- [stay-go] [Test worker] .RepositoryConfigurationExtensionSupport : Spring Data Redis - Could not safely identify store assignment for repository candidate interface com.staygo.repository.hotel_repo.RoomRepository; If you want this repository to be a Redis repository, consider annotating your entities with one of these annotations: org.springframework.data.redis.core.RedisHash (preferred), or consider extending one of the following types with your repository: org.springframework.data.keyvalue.repository.KeyValueRepository
2024-12-29T03:36:48.599+02:00  INFO 45582 --- [stay-go] [Test worker] .RepositoryConfigurationExtensionSupport : Spring Data Redis - Could not safely identify store assignment for repository candidate interface com.staygo.repository.transport_repo.ArmoredTransportRepository; If you want this repository to be a Redis repository, consider annotating your entities with one of these annotations: org.springframework.data.redis.core.RedisHash (preferred), or consider extending one of the following types with your repository: org.springframework.data.keyvalue.repository.KeyValueRepository
2024-12-29T03:36:48.600+02:00  INFO 45582 --- [stay-go] [Test worker] .RepositoryConfigurationExtensionSupport : Spring Data Redis - Could not safely identify store assignment for repository candidate interface com.staygo.repository.transport_repo.TransportDataRepository; If you want this repository to be a Redis repository, consider annotating your entities with one of these annotations: org.springframework.data.redis.core.RedisHash (preferred), or consider extending one of the following types with your repository: org.springframework.data.keyvalue.repository.KeyValueRepository
2024-12-29T03:36:48.601+02:00  INFO 45582 --- [stay-go] [Test worker] .RepositoryConfigurationExtensionSupport : Spring Data Redis - Could not safely identify store assignment for repository candidate interface com.staygo.repository.transport_repo.TransportRepository; If you want this repository to be a Redis repository, consider annotating your entities with one of these annotations: org.springframework.data.redis.core.RedisHash (preferred), or consider extending one of the following types with your repository: org.springframework.data.keyvalue.repository.KeyValueRepository
2024-12-29T03:36:48.601+02:00  INFO 45582 --- [stay-go] [Test worker] .RepositoryConfigurationExtensionSupport : Spring Data Redis - Could not safely identify store assignment for repository candidate interface com.staygo.repository.user_repo.PaymentRepository; If you want this repository to be a Redis repository, consider annotating your entities with one of these annotations: org.springframework.data.redis.core.RedisHash (preferred), or consider extending one of the following types with your repository: org.springframework.data.keyvalue.repository.KeyValueRepository
2024-12-29T03:36:48.602+02:00  INFO 45582 --- [stay-go] [Test worker] .RepositoryConfigurationExtensionSupport : Spring Data Redis - Could not safely identify store assignment for repository candidate interface com.staygo.repository.user_repo.UserRepository; If you want this repository to be a Redis repository, consider annotating your entities with one of these annotations: org.springframework.data.redis.core.RedisHash (preferred), or consider extending one of the following types with your repository: org.springframework.data.keyvalue.repository.KeyValueRepository
2024-12-29T03:36:48.602+02:00  INFO 45582 --- [stay-go] [Test worker] .s.d.r.c.RepositoryConfigurationDelegate : Finished Spring Data repository scanning in 27 ms. Found 0 Redis repository interfaces.
2024-12-29T03:36:49.004+02:00  INFO 45582 --- [stay-go] [Test worker] faultConfiguringBeanFactoryPostProcessor : No bean named 'errorChannel' has been explicitly defined. Therefore, a default PublishSubscribeChannel will be created.
2024-12-29T03:36:49.016+02:00  INFO 45582 --- [stay-go] [Test worker] faultConfiguringBeanFactoryPostProcessor : No bean named 'integrationHeaderChannelRegistry' has been explicitly defined. Therefore, a default DefaultHeaderChannelRegistry will be created.
2024-12-29T03:36:49.290+02:00  INFO 45582 --- [stay-go] [Test worker] o.s.cloud.context.scope.GenericScope     : BeanFactory id=c825293d-3985-3583-be6e-010297d8500a
2024-12-29T03:36:52.043+02:00  INFO 45582 --- [stay-go] [Test worker] com.zaxxer.hikari.HikariDataSource       : HikariPool-1 - Starting...
2024-12-29T03:36:52.220+02:00  INFO 45582 --- [stay-go] [Test worker] com.zaxxer.hikari.pool.HikariPool        : HikariPool-1 - Added connection org.mariadb.jdbc.Connection@8091d80
2024-12-29T03:36:52.224+02:00  INFO 45582 --- [stay-go] [Test worker] com.zaxxer.hikari.HikariDataSource       : HikariPool-1 - Start completed.
2024-12-29T03:36:52.482+02:00  INFO 45582 --- [stay-go] [Test worker] o.hibernate.jpa.internal.util.LogHelper  : HHH000204: Processing PersistenceUnitInfo [name: default]
2024-12-29T03:36:52.607+02:00  INFO 45582 --- [stay-go] [Test worker] org.hibernate.Version                    : HHH000412: Hibernate ORM core version 6.5.2.Final
2024-12-29T03:36:52.681+02:00  INFO 45582 --- [stay-go] [Test worker] o.h.c.internal.RegionFactoryInitiator    : HHH000026: Second-level cache disabled
2024-12-29T03:36:52.962+02:00  INFO 45582 --- [stay-go] [Test worker] o.s.o.j.p.SpringPersistenceUnitInfo      : No LoadTimeWeaver setup: ignoring JPA class transformer
2024-12-29T03:36:55.392+02:00  INFO 45582 --- [stay-go] [Test worker] o.h.e.t.j.p.i.JtaPlatformInitiator       : HHH000489: No JTA platform available (set 'hibernate.transaction.jta.platform' to enable JTA platform integration)
2024-12-29T03:36:55.533+02:00  INFO 45582 --- [stay-go] [Test worker] j.LocalContainerEntityManagerFactoryBean : Initialized JPA EntityManagerFactory for persistence unit 'default'
2024-12-29T03:36:55.724+02:00  INFO 45582 --- [stay-go] [Test worker] o.s.a.r.c.CachingConnectionFactory       : Attempting to connect to: localhost:5672
2024-12-29T03:36:55.804+02:00  INFO 45582 --- [stay-go] [Test worker] o.s.a.r.c.CachingConnectionFactory       : Created new connection: connectionFactory#452aea78:0/SimpleConnection@4b9b57d9 [delegate=amqp://root@127.0.0.1:5672/, localPort=35472]
2024-12-29T03:36:57.090+02:00  INFO 45582 --- [stay-go] [Test worker] o.s.amqp.rabbit.core.RabbitAdmin         : Auto-declaring a non-durable, auto-delete, or exclusive Queue (UserFindHotel) durable:false, auto-delete:false, exclusive:false. It will be redeclared if the broker stops and is restarted while the connection factory is alive, but all messages will be lost.
2024-12-29T03:36:57.091+02:00  INFO 45582 --- [stay-go] [Test worker] o.s.amqp.rabbit.core.RabbitAdmin         : Auto-declaring a non-durable, auto-delete, or exclusive Queue (MessageAboutBooking) durable:false, auto-delete:false, exclusive:false. It will be redeclared if the broker stops and is restarted while the connection factory is alive, but all messages will be lost.
2024-12-29T03:36:57.091+02:00  INFO 45582 --- [stay-go] [Test worker] o.s.amqp.rabbit.core.RabbitAdmin         : Auto-declaring a non-durable, auto-delete, or exclusive Queue (MassageAboutCodeForUser) durable:false, auto-delete:false, exclusive:false. It will be redeclared if the broker stops and is restarted while the connection factory is alive, but all messages will be lost.
2024-12-29T03:36:57.092+02:00  INFO 45582 --- [stay-go] [Test worker] o.s.amqp.rabbit.core.RabbitAdmin         : Auto-declaring a non-durable, auto-delete, or exclusive Queue (MessageCarReservation) durable:false, auto-delete:false, exclusive:false. It will be redeclared if the broker stops and is restarted while the connection factory is alive, but all messages will be lost.
2024-12-29T03:36:58.200+02:00  WARN 45582 --- [stay-go] [Test worker] JpaBaseConfiguration$JpaWebConfiguration : spring.jpa.open-in-view is enabled by default. Therefore, database queries may be performed during view rendering. Explicitly configure spring.jpa.open-in-view to disable this warning
2024-12-29T03:36:58.343+02:00  INFO 45582 --- [stay-go] [Test worker] r$InitializeUserDetailsManagerConfigurer : Global AuthenticationManager configured with UserDetailsService bean with name authUserService
2024-12-29T03:36:59.225+02:00 DEBUG 45582 --- [stay-go] [Test worker] o.s.s.web.DefaultSecurityFilterChain     : Will secure any request with filters: DisableEncodeUrlFilter, WebAsyncManagerIntegrationFilter, SecurityContextHolderFilter, HeaderWriterFilter, LogoutFilter, UsernamePasswordAuthenticationFilter, DefaultLoginPageGeneratingFilter, DefaultLogoutPageGeneratingFilter, BasicAuthenticationFilter, RequestCacheAwareFilter, SecurityContextHolderAwareRequestFilter, AnonymousAuthenticationFilter, ExceptionTranslationFilter, AuthorizationFilter
2024-12-29T03:37:00.616+02:00  INFO 45582 --- [stay-go] [Test worker] DiscoveryClientOptionalArgsConfiguration : Eureka HTTP Client uses RestTemplate.
2024-12-29T03:37:00.889+02:00  INFO 45582 --- [stay-go] [Test worker] o.s.i.endpoint.EventDrivenConsumer       : Adding {logging-channel-adapter:_org.springframework.integration.errorLogger} as a subscriber to the 'errorChannel' channel
2024-12-29T03:37:00.890+02:00  INFO 45582 --- [stay-go] [Test worker] o.s.i.channel.PublishSubscribeChannel    : Channel 'stay-go.errorChannel' has 1 subscriber(s).
2024-12-29T03:37:00.891+02:00  INFO 45582 --- [stay-go] [Test worker] o.s.i.endpoint.EventDrivenConsumer       : started bean '_org.springframework.integration.errorLogger'
2024-12-29T03:37:00.891+02:00  INFO 45582 --- [stay-go] [Test worker] o.s.i.endpoint.EventDrivenConsumer       : Adding {message-handler:mailOutboundAdapter.serviceActivator} as a subscriber to the 'emailChannel' channel
2024-12-29T03:37:00.891+02:00  INFO 45582 --- [stay-go] [Test worker] o.s.integration.channel.DirectChannel    : Channel 'stay-go.emailChannel' has 1 subscriber(s).
2024-12-29T03:37:00.892+02:00  INFO 45582 --- [stay-go] [Test worker] o.s.i.endpoint.EventDrivenConsumer       : started bean 'mailOutboundAdapter.serviceActivator'
2024-12-29T03:37:00.914+02:00  INFO 45582 --- [stay-go] [Test worker] o.s.c.n.eureka.InstanceInfoFactory       : Setting initial instance status as: STARTING
2024-12-29T03:37:00.963+02:00  INFO 45582 --- [stay-go] [Test worker] com.netflix.discovery.DiscoveryClient    : Initializing Eureka in region us-east-1
2024-12-29T03:37:00.971+02:00  INFO 45582 --- [stay-go] [Test worker] c.n.d.s.r.aws.ConfigClusterResolver      : Resolving eureka endpoints via configuration
2024-12-29T03:37:00.988+02:00  INFO 45582 --- [stay-go] [Test worker] com.netflix.discovery.DiscoveryClient    : Disable delta property : false
2024-12-29T03:37:00.989+02:00  INFO 45582 --- [stay-go] [Test worker] com.netflix.discovery.DiscoveryClient    : Single vip registry refresh property : null
2024-12-29T03:37:00.989+02:00  INFO 45582 --- [stay-go] [Test worker] com.netflix.discovery.DiscoveryClient    : Force full registry fetch : false
2024-12-29T03:37:00.989+02:00  INFO 45582 --- [stay-go] [Test worker] com.netflix.discovery.DiscoveryClient    : Application is null : false
2024-12-29T03:37:00.990+02:00  INFO 45582 --- [stay-go] [Test worker] com.netflix.discovery.DiscoveryClient    : Registered Applications size is zero : true
2024-12-29T03:37:00.990+02:00  INFO 45582 --- [stay-go] [Test worker] com.netflix.discovery.DiscoveryClient    : Application version is -1: true
2024-12-29T03:37:00.990+02:00  INFO 45582 --- [stay-go] [Test worker] com.netflix.discovery.DiscoveryClient    : Getting all instance registry info from the eureka server
2024-12-29T03:37:01.675+02:00  INFO 45582 --- [stay-go] [Test worker] com.netflix.discovery.DiscoveryClient    : The response status is 200
2024-12-29T03:37:01.677+02:00  INFO 45582 --- [stay-go] [Test worker] com.netflix.discovery.DiscoveryClient    : Starting heartbeat executor: renew interval is: 30
2024-12-29T03:37:01.680+02:00  INFO 45582 --- [stay-go] [Test worker] c.n.discovery.InstanceInfoReplicator     : InstanceInfoReplicator onDemand update allowed rate per min is 4
2024-12-29T03:37:01.686+02:00  INFO 45582 --- [stay-go] [Test worker] com.netflix.discovery.DiscoveryClient    : Discovery Client initialized at timestamp 1735436221682 with initial instances count: 0
2024-12-29T03:37:01.717+02:00  INFO 45582 --- [stay-go] [Test worker] o.s.c.n.e.s.EurekaServiceRegistry        : Registering application STAY-GO with eureka with status UP
2024-12-29T03:37:01.719+02:00  INFO 45582 --- [stay-go] [Test worker] com.netflix.discovery.DiscoveryClient    : Saw local status change event StatusChangeEvent [timestamp=1735436221719, current=UP, previous=STARTING]
2024-12-29T03:37:01.721+02:00  INFO 45582 --- [stay-go] [DiscoveryClient-InstanceInfoReplicator-%d] com.netflix.discovery.DiscoveryClient    : DiscoveryClient_STAY-GO/anotherPc:stay-go:8080: registering service...
2024-12-29T03:37:01.781+02:00  INFO 45582 --- [stay-go] [Test worker] c.s.service.message.MessageServiceTest   : Started MessageServiceTest in 15.712 seconds (process running for 17.833)
2024-12-29T03:37:01.793+02:00  INFO 45582 --- [stay-go] [DiscoveryClient-InstanceInfoReplicator-%d] com.netflix.discovery.DiscoveryClient    : DiscoveryClient_STAY-GO/anotherPc:stay-go:8080 - registration status: 204
2024-12-29T03:37:02.032+02:00  INFO 45582 --- [stay-go] [SpringApplicationShutdownHook] o.s.c.n.e.s.EurekaServiceRegistry        : Unregistering application STAY-GO with eureka with status DOWN
2024-12-29T03:37:02.033+02:00  INFO 45582 --- [stay-go] [SpringApplicationShutdownHook] com.netflix.discovery.DiscoveryClient    : Saw local status change event StatusChangeEvent [timestamp=1735436222033, current=DOWN, previous=UP]
2024-12-29T03:37:02.033+02:00  INFO 45582 --- [stay-go] [DiscoveryClient-InstanceInfoReplicator-%d] com.netflix.discovery.DiscoveryClient    : DiscoveryClient_STAY-GO/anotherPc:stay-go:8080: registering service...
2024-12-29T03:37:02.042+02:00  INFO 45582 --- [stay-go] [DiscoveryClient-InstanceInfoReplicator-%d] com.netflix.discovery.DiscoveryClient    : DiscoveryClient_STAY-GO/anotherPc:stay-go:8080 - registration status: 204
2024-12-29T03:37:02.068+02:00  INFO 45582 --- [stay-go] [SpringApplicationShutdownHook] o.s.i.endpoint.EventDrivenConsumer       : Removing {logging-channel-adapter:_org.springframework.integration.errorLogger} as a subscriber to the 'errorChannel' channel
2024-12-29T03:37:02.069+02:00  INFO 45582 --- [stay-go] [SpringApplicationShutdownHook] o.s.i.channel.PublishSubscribeChannel    : Channel 'stay-go.errorChannel' has 0 subscriber(s).
2024-12-29T03:37:02.069+02:00  INFO 45582 --- [stay-go] [SpringApplicationShutdownHook] o.s.i.endpoint.EventDrivenConsumer       : stopped bean '_org.springframework.integration.errorLogger'
2024-12-29T03:37:02.070+02:00  INFO 45582 --- [stay-go] [SpringApplicationShutdownHook] o.s.i.endpoint.EventDrivenConsumer       : Removing {message-handler:mailOutboundAdapter.serviceActivator} as a subscriber to the 'emailChannel' channel
2024-12-29T03:37:02.070+02:00  INFO 45582 --- [stay-go] [SpringApplicationShutdownHook] o.s.integration.channel.DirectChannel    : Channel 'stay-go.emailChannel' has 0 subscriber(s).
2024-12-29T03:37:02.070+02:00  INFO 45582 --- [stay-go] [SpringApplicationShutdownHook] o.s.i.endpoint.EventDrivenConsumer       : stopped bean 'mailOutboundAdapter.serviceActivator'
2024-12-29T03:37:02.104+02:00  INFO 45582 --- [stay-go] [SpringApplicationShutdownHook] j.LocalContainerEntityManagerFactoryBean : Closing JPA EntityManagerFactory for persistence unit 'default'
2024-12-29T03:37:02.108+02:00  INFO 45582 --- [stay-go] [SpringApplicationShutdownHook] com.zaxxer.hikari.HikariDataSource       : HikariPool-1 - Shutdown initiated...
2024-12-29T03:37:02.115+02:00  INFO 45582 --- [stay-go] [SpringApplicationShutdownHook] com.zaxxer.hikari.HikariDataSource       : HikariPool-1 - Shutdown completed.
2024-12-29T03:37:02.116+02:00  INFO 45582 --- [stay-go] [SpringApplicationShutdownHook] com.netflix.discovery.DiscoveryClient    : Shutting down DiscoveryClient ...
2024-12-29T03:37:05.117+02:00  INFO 45582 --- [stay-go] [SpringApplicationShutdownHook] com.netflix.discovery.DiscoveryClient    : Unregistering ...
2024-12-29T03:37:05.128+02:00  INFO 45582 --- [stay-go] [SpringApplicationShutdownHook] com.netflix.discovery.DiscoveryClient    : DiscoveryClient_STAY-GO/anotherPc:stay-go:8080 - deregister  status: 200
2024-12-29T03:37:05.128+02:00  INFO 45582 --- [stay-go] [SpringApplicationShutdownHook] com.netflix.discovery.DiscoveryClient    : Completed shut down of DiscoveryClient
